<?xml version="1.0" encoding="UTF-8"?>
<testsuite name="com.bloomhealthco.testng.tests.FiveTest" tests="1" failures="0" errors="0" timestamp="2014-03-20T17:56:29" hostname="Aaron-Humerickhouses-MacBook-Pro.local" time="4.14">
  <properties/>
  <testcase name="testOne" classname="com.bloomhealthco.testng.tests.FiveTest" time="4.14"/>
  <system-out><![CDATA[Test FiveTest - Groups: smoke, broken
]]></system-out>
  <system-err><![CDATA[]]></system-err>
</testsuite>
