<?xml version="1.0" encoding="UTF-8"?>
<testsuite name="com.bloomhealthco.spock.specs.TwoSpec" tests="1" failures="0" errors="0" timestamp="2014-03-20T17:56:02" hostname="Aaron-Humerickhouses-MacBook-Pro.local" time="2.133">
  <properties/>
  <testcase name="OneTest" classname="com.bloomhealthco.spock.specs.TwoSpec" time="2.133"/>
  <system-out><![CDATA[Spec TwoSpec - Groups: regression
]]></system-out>
  <system-err><![CDATA[]]></system-err>
</testsuite>
