<?xml version="1.0" encoding="UTF-8"?>
<testsuite name="com.bloomhealthco.spock.specs.SixSpec" tests="1" failures="0" errors="0" timestamp="2014-03-20T17:56:10" hostname="Aaron-Humerickhouses-MacBook-Pro.local" time="2.001">
  <properties/>
  <testcase name="OneTest" classname="com.bloomhealthco.spock.specs.SixSpec" time="2.001"/>
  <system-out><![CDATA[Spec SixSpec - Groups: regression, smoke
]]></system-out>
  <system-err><![CDATA[]]></system-err>
</testsuite>
