<?xml version="1.0" encoding="UTF-8"?>
<testsuite name="com.bloomhealthco.spock.specs.FiveSpec" tests="1" failures="0" errors="0" timestamp="2014-03-20T17:56:06" hostname="Aaron-Humerickhouses-MacBook-Pro.local" time="4.001">
  <properties/>
  <testcase name="OneTest" classname="com.bloomhealthco.spock.specs.FiveSpec" time="4.001"/>
  <system-out><![CDATA[Spec FiveSpec - Groups: smoke, broken
]]></system-out>
  <system-err><![CDATA[]]></system-err>
</testsuite>
