<?xml version="1.0" encoding="UTF-8"?>
<!-- Generated by org.testng.reporters.JUnitReportReporter -->
<testsuite hostname="Aaron-Humerickhouses-MacBook-Pro.local" name="com.bloomhealthco.testng.tests.TwoTest" tests="1" failures="0" timestamp="20 Mar 2014 17:56:31 GMT" time="2.202" errors="0">
  <testcase name="testOne" time="2.202" classname="com.bloomhealthco.testng.tests.TwoTest"/>
</testsuite> <!-- com.bloomhealthco.testng.tests.TwoTest -->
