<?xml version="1.0" encoding="UTF-8"?>
<!-- Generated by org.testng.reporters.JUnitReportReporter -->
<testsuite hostname="Aaron-Humerickhouses-MacBook-Pro.local" name="com.bloomhealthco.testng.tests.FiveTest" tests="1" failures="0" timestamp="20 Mar 2014 17:56:33 GMT" time="4.140" errors="0">
  <testcase name="testOne" time="4.140" classname="com.bloomhealthco.testng.tests.FiveTest"/>
</testsuite> <!-- com.bloomhealthco.testng.tests.FiveTest -->
